<testsuites id="" name="" tests="15" failures="0" skipped="15" errors="0" time="28.919824">
<testsuite name="file-upload.spec.js" timestamp="2025-07-31T11:50:13.024Z" hostname="chromium" tests="1" failures="0" skipped="1" time="27.494" errors="0">
<testcase name="File Upload &amp; Management › @visual should match file upload modal screenshot" classname="file-upload.spec.js" time="27.494">
<skipped>
</skipped>
</testcase>
</testsuite>
<testsuite name="reconciliation.spec.js" timestamp="2025-07-31T11:50:13.024Z" hostname="chromium" tests="1" failures="0" skipped="1" time="27.535" errors="0">
<testcase name="Reconciliation Workflow › @visual should match reconciliation page screenshot" classname="reconciliation.spec.js" time="27.535">
<skipped>
</skipped>
</testcase>
</testsuite>
<testsuite name="transformation.spec.js" timestamp="2025-07-31T11:50:13.024Z" hostname="chromium" tests="1" failures="0" skipped="1" time="27.661" errors="0">
<testcase name="Transformation Workflow › @visual should match transformation page screenshot" classname="transformation.spec.js" time="27.661">
<skipped>
</skipped>
</testcase>
</testsuite>
<testsuite name="file-upload.spec.js" timestamp="2025-07-31T11:50:13.024Z" hostname="firefox" tests="1" failures="0" skipped="1" time="23.241" errors="0">
<testcase name="File Upload &amp; Management › @visual should match file upload modal screenshot" classname="file-upload.spec.js" time="23.241">
<skipped>
</skipped>
</testcase>
</testsuite>
<testsuite name="reconciliation.spec.js" timestamp="2025-07-31T11:50:13.024Z" hostname="firefox" tests="1" failures="0" skipped="1" time="0" errors="0">
<testcase name="Reconciliation Workflow › @visual should match reconciliation page screenshot" classname="reconciliation.spec.js" time="0">
<skipped>
</skipped>
</testcase>
</testsuite>
<testsuite name="transformation.spec.js" timestamp="2025-07-31T11:50:13.024Z" hostname="firefox" tests="1" failures="0" skipped="1" time="0" errors="0">
<testcase name="Transformation Workflow › @visual should match transformation page screenshot" classname="transformation.spec.js" time="0">
<skipped>
</skipped>
</testcase>
</testsuite>
<testsuite name="file-upload.spec.js" timestamp="2025-07-31T11:50:13.024Z" hostname="webkit" tests="1" failures="0" skipped="1" time="0" errors="0">
<testcase name="File Upload &amp; Management › @visual should match file upload modal screenshot" classname="file-upload.spec.js" time="0">
<skipped>
</skipped>
</testcase>
</testsuite>
<testsuite name="reconciliation.spec.js" timestamp="2025-07-31T11:50:13.024Z" hostname="webkit" tests="1" failures="0" skipped="1" time="0" errors="0">
<testcase name="Reconciliation Workflow › @visual should match reconciliation page screenshot" classname="reconciliation.spec.js" time="0">
<skipped>
</skipped>
</testcase>
</testsuite>
<testsuite name="transformation.spec.js" timestamp="2025-07-31T11:50:13.024Z" hostname="webkit" tests="1" failures="0" skipped="1" time="0" errors="0">
<testcase name="Transformation Workflow › @visual should match transformation page screenshot" classname="transformation.spec.js" time="0">
<skipped>
</skipped>
</testcase>
</testsuite>
<testsuite name="file-upload.spec.js" timestamp="2025-07-31T11:50:13.024Z" hostname="Mobile Chrome" tests="1" failures="0" skipped="1" time="0" errors="0">
<testcase name="File Upload &amp; Management › @visual should match file upload modal screenshot" classname="file-upload.spec.js" time="0">
<skipped>
</skipped>
</testcase>
</testsuite>
<testsuite name="reconciliation.spec.js" timestamp="2025-07-31T11:50:13.024Z" hostname="Mobile Chrome" tests="1" failures="0" skipped="1" time="0" errors="0">
<testcase name="Reconciliation Workflow › @visual should match reconciliation page screenshot" classname="reconciliation.spec.js" time="0">
<skipped>
</skipped>
</testcase>
</testsuite>
<testsuite name="transformation.spec.js" timestamp="2025-07-31T11:50:13.024Z" hostname="Mobile Chrome" tests="1" failures="0" skipped="1" time="0" errors="0">
<testcase name="Transformation Workflow › @visual should match transformation page screenshot" classname="transformation.spec.js" time="0">
<skipped>
</skipped>
</testcase>
</testsuite>
<testsuite name="file-upload.spec.js" timestamp="2025-07-31T11:50:13.024Z" hostname="Mobile Safari" tests="1" failures="0" skipped="1" time="0" errors="0">
<testcase name="File Upload &amp; Management › @visual should match file upload modal screenshot" classname="file-upload.spec.js" time="0">
<skipped>
</skipped>
</testcase>
</testsuite>
<testsuite name="reconciliation.spec.js" timestamp="2025-07-31T11:50:13.024Z" hostname="Mobile Safari" tests="1" failures="0" skipped="1" time="0" errors="0">
<testcase name="Reconciliation Workflow › @visual should match reconciliation page screenshot" classname="reconciliation.spec.js" time="0">
<skipped>
</skipped>
</testcase>
</testsuite>
<testsuite name="transformation.spec.js" timestamp="2025-07-31T11:50:13.024Z" hostname="Mobile Safari" tests="1" failures="0" skipped="1" time="0" errors="0">
<testcase name="Transformation Workflow › @visual should match transformation page screenshot" classname="transformation.spec.js" time="0">
<skipped>
</skipped>
</testcase>
</testsuite>
</testsuites>